Build started 22.04.2015 15:54:34.
     1>Project "D:\_GitHub\AlfaBank\Console\Alfa-Bank\Alfa-Bank.vcxproj" on node 2 (build target(s)).
     1>InitializeBuildStatus:
         Touching "Release\Alfa-Bank.unsuccessfulbuild".
       ClCompile:
         C:\Program Files (x86)\Microsoft Visual Studio 10.0\VC\bin\CL.exe /c /Zi /nologo /W3 /WX- /O2 /Oi /Oy- /GL /D WIN32 /D NDEBUG /D _CONSOLE /D _UNICODE /D UNICODE /Gm- /EHsc /MD /GS /Gy /fp:precise /Zc:wchar_t /Zc:forScope /Fo"Release\\" /Fd"Release\vc100.pdb" /Gd /TP /analyze- /errorReport:prompt ..\Source\Core.cpp
         Core.cpp
     1>..\Source\Core.cpp(142): warning C4996: 'strdup': The POSIX name for this item is deprecated. Instead, use the ISO C++ conformant name: _strdup. See online help for details.
                 C:\Program Files (x86)\Microsoft Visual Studio 10.0\VC\include\string.h(238) : see declaration of 'strdup'
     1>..\Source\Core.cpp(143): warning C4996: 'strtok': This function or variable may be unsafe. Consider using strtok_s instead. To disable deprecation, use _CRT_SECURE_NO_WARNINGS. See online help for details.
                 C:\Program Files (x86)\Microsoft Visual Studio 10.0\VC\include\string.h(197) : see declaration of 'strtok'
       Link:
         C:\Program Files (x86)\Microsoft Visual Studio 10.0\VC\bin\link.exe /ERRORREPORT:PROMPT /OUT:"D:\_GitHub\AlfaBank\Console\Release\Alfa-Bank.exe" /INCREMENTAL:NO /NOLOGO kernel32.lib user32.lib gdi32.lib winspool.lib comdlg32.lib advapi32.lib shell32.lib ole32.lib oleaut32.lib uuid.lib odbc32.lib odbccp32.lib /MANIFEST /ManifestFile:"Release\Alfa-Bank.exe.intermediate.manifest" /MANIFESTUAC:"level='asInvoker' uiAccess='false'" /DEBUG /PDB:"D:\_GitHub\AlfaBank\Console\Release\Alfa-Bank.pdb" /SUBSYSTEM:CONSOLE /OPT:REF /OPT:ICF /LTCG /TLBID:1 /DYNAMICBASE /NXCOMPAT /IMPLIB:"D:\_GitHub\AlfaBank\Console\Release\Alfa-Bank.lib" /MACHINE:X86 Release\Core.obj
         Release\main.obj
         Generating code
     1>d:\_github\alfabank\console\source\core.cpp(34): warning C4715: 'TCore::SetMap' : not all control paths return a value
         Finished generating code
         Alfa-Bank.vcxproj -> D:\_GitHub\AlfaBank\Console\Release\Alfa-Bank.exe
       Manifest:
         C:\Program Files (x86)\Microsoft SDKs\Windows\v7.0A\bin\mt.exe /nologo /verbose /outputresource:"D:\_GitHub\AlfaBank\Console\Release\Alfa-Bank.exe;#1" /manifest "Release\Alfa-Bank.exe.intermediate.manifest"
       FinalizeBuildStatus:
         Deleting file "Release\Alfa-Bank.unsuccessfulbuild".
         Touching "Release\Alfa-Bank.lastbuildstate".
     1>Done Building Project "D:\_GitHub\AlfaBank\Console\Alfa-Bank\Alfa-Bank.vcxproj" (build target(s)).

Build succeeded.

Time Elapsed 00:00:02.95
